<?xml version="1.0" encoding="UTF-8"?>
<testng-results ignored="0" total="1" passed="1" failed="0" skipped="0">
  <reporter-output>
  </reporter-output>
  <suite started-at="2026-06-18T11:23:06 IST" name="Suite" finished-at="2026-06-18T11:23:06 IST" duration-ms="70">
    <groups>
      <group name="regression">
        <method signature="DemoTest.movieTest()[pri:0, instance:Demo.DemoTest@2d7275fc]" name="movieTest" class="Demo.DemoTest"/>
      </group> <!-- regression -->
    </groups>
    <test started-at="2026-06-18T11:23:06 IST" name="Test" finished-at="2026-06-18T11:23:06 IST" duration-ms="70">
      <class name="Demo.DemoTest">
        <test-method signature="movieTest()[pri:0, instance:Demo.DemoTest@2d7275fc]" started-at="2026-06-18T11:23:06 IST" name="movieTest" finished-at="2026-06-18T11:23:06 IST" duration-ms="14" status="PASS">
          <reporter-output>
          </reporter-output>
        </test-method> <!-- movieTest -->
      </class> <!-- Demo.DemoTest -->
    </test> <!-- Test -->
  </suite> <!-- Suite -->
</testng-results>
